Using pre-set license
Built from '2021.1/staging' branch; Version is '2021.1.3f1 (4bef613afd59) revision 4976481'; Using compiler version '192528614'; Build Type 'Release'
OS: 'Windows 10 Pro; OS build 19041.985; Version 2004; 64bit' Language: 'en' Physical Memory: 16321 MB
BatchMode: 1, IsHumanControllingUs: 0, StartBugReporterOnCrash: 0, Is64bit: 1, IsPro: 0

 COMMAND LINE ARGUMENTS:
C:\Program Files\Unity\2021.1.3f1\Editor\Unity.exe
-adb2
-batchMode
-noUpm
-name
AssetImportWorker0
-projectPath
D:/Studium/6.Semster/Fachprojekt/HauptProjektLast
-logFile
Logs/AssetImportWorker0.log
-srvPort
61290
Successfully changed project path to: D:/Studium/6.Semster/Fachprojekt/HauptProjektLast
D:/Studium/6.Semster/Fachprojekt/HauptProjektLast
Using Asset Import Pipeline V2.
Refreshing native plugins compatible for Editor in 111.90 ms, found 2 plugins.
Preloading 0 native plugins for Editor in 0.00 ms.
Initialize engine version: 2021.1.3f1 (4bef613afd59)
[Subsystems] Discovering subsystems at path C:/Program Files/Unity/2021.1.3f1/Editor/Data/Resources/UnitySubsystems
[Subsystems] Discovering subsystems at path D:/Studium/6.Semster/Fachprojekt/HauptProjektLast/Assets
GfxDevice: creating device client; threaded=0; jobified=0
Direct3D:
    Version:  Direct3D 11.0 [level 11.1]
    Renderer: NVIDIA GeForce GTX 1060 6GB (ID=0x1c03)
    Vendor:   NVIDIA
    VRAM:     6052 MB
    Driver:   27.21.14.6140
Initialize mono
Mono path[0] = 'C:/Program Files/Unity/2021.1.3f1/Editor/Data/Managed'
Mono path[1] = 'C:/Program Files/Unity/2021.1.3f1/Editor/Data/MonoBleedingEdge/lib/mono/unityjit'
Mono config path = 'C:/Program Files/Unity/2021.1.3f1/Editor/Data/MonoBleedingEdge/etc'
Using monoOptions --debugger-agent=transport=dt_socket,embedding=1,server=y,suspend=n,address=127.0.0.1:56556
Begin MonoManager ReloadAssembly
Registering precompiled unity dll's ...
Register platform support module: C:/Program Files/Unity/2021.1.3f1/Editor/Data/PlaybackEngines/WindowsStandaloneSupport/UnityEditor.WindowsStandalone.Extensions.dll
Registered in 0.001854 seconds.
Native extension for WindowsStandalone target not found
Refreshing native plugins compatible for Editor in 102.84 ms, found 2 plugins.
Preloading 0 native plugins for Editor in 0.00 ms.
Mono: successfully reloaded assembly
- Completed reload, in  1.247 seconds
Platform modules already initialized, skipping
Registering precompiled user dll's ...
Registered in 0.003654 seconds.
Begin MonoManager ReloadAssembly
Native extension for WindowsStandalone target not found
Refreshing native plugins compatible for Editor in 109.07 ms, found 2 plugins.
Preloading 0 native plugins for Editor in 0.00 ms.
Mono: successfully reloaded assembly
- Completed reload, in  1.223 seconds
Platform modules already initialized, skipping
========================================================================
Worker process is ready to serve import requests
Launched and connected shader compiler UnityShaderCompiler.exe after 0.04 seconds
Refreshing native plugins compatible for Editor in 0.63 ms, found 2 plugins.
Preloading 0 native plugins for Editor in 0.00 ms.
Unloading 3639 Unused Serialized files (Serialized files now loaded: 0)
System memory in use before: 139.0 MB.
System memory in use after: 139.1 MB.

Unloading 35 unused Assets to reduce memory usage. Loaded Objects now: 4091.
Total: 2.704900 ms (FindLiveObjects: 0.290900 ms CreateObjectMapping: 0.213200 ms MarkObjects: 2.086100 ms  DeleteObjects: 0.113800 ms)

========================================================================
Received Import Request.
  path: Assets/Scenes/Game.unity
  artifactKey: Guid(177971674b11af74abc3934f0ea92c92) Importer(815301076,1909f56bfc062723c751e8b465ee728b)
Start importing Assets/Scenes/Game.unity using Guid(177971674b11af74abc3934f0ea92c92) Importer(815301076,1909f56bfc062723c751e8b465ee728b)  -> (artifact id: 'eb7103fa173d6c7040dd40fb199ebf12') in 0.012803 seconds 
========================================================================
Received Import Request.
  Time since last request: 0.000251 seconds.
  path: Assets/Scenes/Menu.unity
  artifactKey: Guid(c5f885b9fe5aecf4bb1dc6727406713b) Importer(815301076,1909f56bfc062723c751e8b465ee728b)
Start importing Assets/Scenes/Menu.unity using Guid(c5f885b9fe5aecf4bb1dc6727406713b) Importer(815301076,1909f56bfc062723c751e8b465ee728b)  -> (artifact id: 'f553c3ff23e47b18ab2ff8b743b7734b') in 0.001513 seconds 
========================================================================
Received Import Request.
  Time since last request: 279.541603 seconds.
  path: Assets/Photon/PhotonUnityNetworking/Code
  artifactKey: Guid(9a312e4dbb5268d4e859200f68478e0c) Importer(815301076,1909f56bfc062723c751e8b465ee728b)
Start importing Assets/Photon/PhotonUnityNetworking/Code using Guid(9a312e4dbb5268d4e859200f68478e0c) Importer(815301076,1909f56bfc062723c751e8b465ee728b)  -> (artifact id: '4a4f7467247acc4af948a11279e06dbf') in 0.005858 seconds 
========================================================================
Received Import Request.
  Time since last request: 0.059600 seconds.
  path: Assets/Photon/PhotonUnityNetworking/Code/PhotonUnityNetworking.asmdef
  artifactKey: Guid(57c32fc907df0f54e8e6e8f0d2488336) Importer(815301076,1909f56bfc062723c751e8b465ee728b)
Start importing Assets/Photon/PhotonUnityNetworking/Code/PhotonUnityNetworking.asmdef using Guid(57c32fc907df0f54e8e6e8f0d2488336) Importer(815301076,1909f56bfc062723c751e8b465ee728b)  -> (artifact id: '6e1629aa15ecfd275114e4dbc502e3c0') in 0.020238 seconds 
========================================================================
Received Import Request.
  Time since last request: 4.668126 seconds.
  path: Assets/Photon/PhotonUnityNetworking/Code/ServerSettings.cs
  artifactKey: Guid(9f3758f8f58fdef43803eb9be1df0608) Importer(815301076,1909f56bfc062723c751e8b465ee728b)
Start importing Assets/Photon/PhotonUnityNetworking/Code/ServerSettings.cs using Guid(9f3758f8f58fdef43803eb9be1df0608) Importer(815301076,1909f56bfc062723c751e8b465ee728b)  -> (artifact id: 'cbb60f72e97cfd51dc6b585468ffda98') in 0.007545 seconds 
========================================================================
Received Import Request.
  Time since last request: 4.017360 seconds.
  path: Assets/Photon/PhotonUnityNetworking/Code/PhotonNetworkPart.cs
  artifactKey: Guid(cbf2b3734a024f842bd50f8738feb400) Importer(815301076,1909f56bfc062723c751e8b465ee728b)
Start importing Assets/Photon/PhotonUnityNetworking/Code/PhotonNetworkPart.cs using Guid(cbf2b3734a024f842bd50f8738feb400) Importer(815301076,1909f56bfc062723c751e8b465ee728b)  -> (artifact id: '6a57a20133180503b2b791bd52434681') in 0.005838 seconds 
========================================================================
Received Import Request.
  Time since last request: 1.775135 seconds.
  path: Assets/Photon/PhotonUnityNetworking/Code/PhotonStreamQueue.cs
  artifactKey: Guid(006991e32d9020c4d896f161318a2bc0) Importer(815301076,1909f56bfc062723c751e8b465ee728b)
Start importing Assets/Photon/PhotonUnityNetworking/Code/PhotonStreamQueue.cs using Guid(006991e32d9020c4d896f161318a2bc0) Importer(815301076,1909f56bfc062723c751e8b465ee728b)  -> (artifact id: 'e5ff7a7dbafafb305f3da83fb11d4caf') in 0.005997 seconds 
========================================================================
Received Import Request.
  Time since last request: 7.844947 seconds.
  path: Assets/Photon/PhotonUnityNetworking/Code/CustomTypes.cs
  artifactKey: Guid(ab517bd36a2b2504b83979fcad45d4a2) Importer(815301076,1909f56bfc062723c751e8b465ee728b)
Start importing Assets/Photon/PhotonUnityNetworking/Code/CustomTypes.cs using Guid(ab517bd36a2b2504b83979fcad45d4a2) Importer(815301076,1909f56bfc062723c751e8b465ee728b)  -> (artifact id: 'c0184ed1c106db7ddb2439fc87ef2b89') in 0.006040 seconds 
========================================================================
Received Import Request.
  Time since last request: 31.217101 seconds.
  path: Assets/Scenes/SampleScene.unity
  artifactKey: Guid(2cda990e2423bbf4892e6590ba056729) Importer(815301076,1909f56bfc062723c751e8b465ee728b)
Start importing Assets/Scenes/SampleScene.unity using Guid(2cda990e2423bbf4892e6590ba056729) Importer(815301076,1909f56bfc062723c751e8b465ee728b)  -> (artifact id: '4d6693ae38063acf5b9e387a43137bf4') in 0.006416 seconds 
========================================================================
Received Import Request.
  Time since last request: 2.292186 seconds.
  path: Assets/Scenes
  artifactKey: Guid(dbb018907c8b81e4bb93b3068fbccaa0) Importer(815301076,1909f56bfc062723c751e8b465ee728b)
Start importing Assets/Scenes using Guid(dbb018907c8b81e4bb93b3068fbccaa0) Importer(815301076,1909f56bfc062723c751e8b465ee728b)  -> (artifact id: '8160e80228143585fac0fef28d5e584e') in 0.005850 seconds 
========================================================================
Received Prepare
Registering precompiled user dll's ...
Registered in 0.003440 seconds.
Begin MonoManager ReloadAssembly
Native extension for WindowsStandalone target not found
Refreshing native plugins compatible for Editor in 0.65 ms, found 2 plugins.
Preloading 0 native plugins for Editor in 0.00 ms.
Mono: successfully reloaded assembly
- Completed reload, in  1.017 seconds
Platform modules already initialized, skipping
Refreshing native plugins compatible for Editor in 1.02 ms, found 2 plugins.
Preloading 0 native plugins for Editor in 0.00 ms.
Unloading 3620 Unused Serialized files (Serialized files now loaded: 0)
System memory in use before: 137.6 MB.
System memory in use after: 137.7 MB.

Unloading 22 unused Assets to reduce memory usage. Loaded Objects now: 4096.
Total: 2.789400 ms (FindLiveObjects: 0.364000 ms CreateObjectMapping: 0.258200 ms MarkObjects: 2.070900 ms  DeleteObjects: 0.095100 ms)

========================================================================
Received Import Request.
  Time since last request: 105.840083 seconds.
  path: Assets
  artifactKey: Guid(00000000000000001000000000000000) Importer(815301076,1909f56bfc062723c751e8b465ee728b)
Start importing Assets using Guid(00000000000000001000000000000000) Importer(815301076,1909f56bfc062723c751e8b465ee728b)  -> (artifact id: 'efcc68737208a1d7a8581e190ec11b99') in 0.009168 seconds 
========================================================================
Received Import Request.
  Time since last request: 7.009887 seconds.
  path: Assets/Scripts
  artifactKey: Guid(698da4f73e6d2254aabf6229c6423772) Importer(815301076,1909f56bfc062723c751e8b465ee728b)
Start importing Assets/Scripts using Guid(698da4f73e6d2254aabf6229c6423772) Importer(815301076,1909f56bfc062723c751e8b465ee728b)  -> (artifact id: '45aaa1654e13e980f347fa14ce12c82e') in 0.005994 seconds 
========================================================================
Received Import Request.
  Time since last request: 13.382577 seconds.
  path: Assets/Scripts/NetworkManager.cs
  artifactKey: Guid(cceeed36a76085149873151b0fa7333e) Importer(815301076,1909f56bfc062723c751e8b465ee728b)
Start importing Assets/Scripts/NetworkManager.cs using Guid(cceeed36a76085149873151b0fa7333e) Importer(815301076,1909f56bfc062723c751e8b465ee728b)  -> (artifact id: 'faf2688fd62d4683f92b64b4ffeb7fc0') in 0.006167 seconds 
========================================================================
Received Prepare
Registering precompiled user dll's ...
Registered in 0.003981 seconds.
Begin MonoManager ReloadAssembly
Native extension for WindowsStandalone target not found
Refreshing native plugins compatible for Editor in 0.65 ms, found 2 plugins.
Preloading 0 native plugins for Editor in 0.00 ms.
Mono: successfully reloaded assembly
- Completed reload, in  1.096 seconds
Platform modules already initialized, skipping
Refreshing native plugins compatible for Editor in 1.03 ms, found 2 plugins.
Preloading 0 native plugins for Editor in 0.00 ms.
Unloading 3621 Unused Serialized files (Serialized files now loaded: 0)
System memory in use before: 137.7 MB.
System memory in use after: 137.8 MB.

Unloading 22 unused Assets to reduce memory usage. Loaded Objects now: 4102.
Total: 3.594700 ms (FindLiveObjects: 0.324600 ms CreateObjectMapping: 0.243900 ms MarkObjects: 2.748900 ms  DeleteObjects: 0.275600 ms)

========================================================================
Received Prepare
Registering precompiled user dll's ...
Registered in 0.003394 seconds.
Begin MonoManager ReloadAssembly
Native extension for WindowsStandalone target not found
Refreshing native plugins compatible for Editor in 0.64 ms, found 2 plugins.
Preloading 0 native plugins for Editor in 0.00 ms.
Mono: successfully reloaded assembly
- Completed reload, in  0.969 seconds
Platform modules already initialized, skipping
Refreshing native plugins compatible for Editor in 0.91 ms, found 2 plugins.
Preloading 0 native plugins for Editor in 0.00 ms.
Unloading 3621 Unused Serialized files (Serialized files now loaded: 0)
System memory in use before: 137.8 MB.
System memory in use after: 137.9 MB.

Unloading 22 unused Assets to reduce memory usage. Loaded Objects now: 4107.
Total: 2.841800 ms (FindLiveObjects: 0.286400 ms CreateObjectMapping: 0.215600 ms MarkObjects: 2.240700 ms  DeleteObjects: 0.097900 ms)

========================================================================
Received Import Request.
  Time since last request: 247.337534 seconds.
  path: Assets/Scripts/NetworkManager.cs
  artifactKey: Guid(cceeed36a76085149873151b0fa7333e) Importer(815301076,1909f56bfc062723c751e8b465ee728b)
Start importing Assets/Scripts/NetworkManager.cs using Guid(cceeed36a76085149873151b0fa7333e) Importer(815301076,1909f56bfc062723c751e8b465ee728b)  -> (artifact id: '6f7c36d89f3cd4b5388c5882e29983c9') in 0.005393 seconds 
========================================================================
Received Prepare
Registering precompiled user dll's ...
Registered in 0.003941 seconds.
Begin MonoManager ReloadAssembly
Native extension for WindowsStandalone target not found
Refreshing native plugins compatible for Editor in 0.78 ms, found 2 plugins.
Preloading 0 native plugins for Editor in 0.00 ms.
Mono: successfully reloaded assembly
- Completed reload, in  1.332 seconds
Platform modules already initialized, skipping
Refreshing native plugins compatible for Editor in 0.69 ms, found 2 plugins.
Preloading 0 native plugins for Editor in 0.00 ms.
Unloading 3621 Unused Serialized files (Serialized files now loaded: 0)
System memory in use before: 137.8 MB.
System memory in use after: 137.9 MB.

Unloading 22 unused Assets to reduce memory usage. Loaded Objects now: 4112.
Total: 2.554400 ms (FindLiveObjects: 0.291800 ms CreateObjectMapping: 0.211900 ms MarkObjects: 1.951700 ms  DeleteObjects: 0.098100 ms)

========================================================================
Received Import Request.
  Time since last request: 844.346799 seconds.
  path: Assets/Photon/PhotonUnityNetworking/Resources
  artifactKey: Guid(361e529a8c9bc1d4089469730e060474) Importer(815301076,1909f56bfc062723c751e8b465ee728b)
Start importing Assets/Photon/PhotonUnityNetworking/Resources using Guid(361e529a8c9bc1d4089469730e060474) Importer(815301076,1909f56bfc062723c751e8b465ee728b)  -> (artifact id: '735da63b668ce39b9425c24105387e53') in 0.011932 seconds 
========================================================================
Received Import Request.
  Time since last request: 0.041217 seconds.
  path: Assets/Photon/PhotonUnityNetworking/Resources/PhotonServerSettings.asset
  artifactKey: Guid(007ff6275dbef434eb6dac742cc2ffed) Importer(815301076,1909f56bfc062723c751e8b465ee728b)
Start importing Assets/Photon/PhotonUnityNetworking/Resources/PhotonServerSettings.asset using Guid(007ff6275dbef434eb6dac742cc2ffed) Importer(815301076,1909f56bfc062723c751e8b465ee728b)  -> (artifact id: '68613f97763a99824570125f341ad3f0') in 0.019937 seconds 
========================================================================
Received Prepare
Registering precompiled user dll's ...
Registered in 0.180369 seconds.
Begin MonoManager ReloadAssembly
Native extension for WindowsStandalone target not found
Refreshing native plugins compatible for Editor in 0.70 ms, found 2 plugins.
Preloading 0 native plugins for Editor in 0.00 ms.
Mono: successfully reloaded assembly
- Completed reload, in  1.246 seconds
Platform modules already initialized, skipping
Refreshing native plugins compatible for Editor in 0.70 ms, found 2 plugins.
Preloading 0 native plugins for Editor in 0.00 ms.
Unloading 3621 Unused Serialized files (Serialized files now loaded: 0)
System memory in use before: 137.8 MB.
System memory in use after: 137.9 MB.

Unloading 22 unused Assets to reduce memory usage. Loaded Objects now: 4117.
Total: 2.424100 ms (FindLiveObjects: 0.258400 ms CreateObjectMapping: 0.193400 ms MarkObjects: 1.862300 ms  DeleteObjects: 0.108900 ms)

