Using pre-set license
Built from '2021.1/staging' branch; Version is '2021.1.3f1 (4bef613afd59) revision 4976481'; Using compiler version '192528614'; Build Type 'Release'
OS: 'Windows 10 Home; OS build 19042.985; Version 2009; 64bit' Language: 'en' Physical Memory: 16318 MB
BatchMode: 1, IsHumanControllingUs: 0, StartBugReporterOnCrash: 0, Is64bit: 1, IsPro: 0

 COMMAND LINE ARGUMENTS:
C:\Program Files\Unity\2021.1.3f1\Editor\Unity.exe
-adb2
-batchMode
-noUpm
-name
AssetImportWorker0
-projectPath
C:/Users/me/OneDrive/Desktop/00/DET/Hauptprojekt/HauptProjektLast
-logFile
Logs/AssetImportWorker0.log
-srvPort
62046
Successfully changed project path to: C:/Users/me/OneDrive/Desktop/00/DET/Hauptprojekt/HauptProjektLast
C:/Users/me/OneDrive/Desktop/00/DET/Hauptprojekt/HauptProjektLast
Using Asset Import Pipeline V2.
Refreshing native plugins compatible for Editor in 81.81 ms, found 2 plugins.
Preloading 0 native plugins for Editor in 0.00 ms.
Initialize engine version: 2021.1.3f1 (4bef613afd59)
[Subsystems] Discovering subsystems at path C:/Program Files/Unity/2021.1.3f1/Editor/Data/Resources/UnitySubsystems
[Subsystems] Discovering subsystems at path C:/Users/me/OneDrive/Desktop/00/DET/Hauptprojekt/HauptProjektLast/Assets
GfxDevice: creating device client; threaded=0; jobified=0
Direct3D:
    Version:  Direct3D 11.0 [level 11.1]
    Renderer: NVIDIA GeForce GTX 1050 Ti (ID=0x1c82)
    Vendor:   NVIDIA
    VRAM:     4018 MB
    Driver:   27.21.14.5671
Initialize mono
Mono path[0] = 'C:/Program Files/Unity/2021.1.3f1/Editor/Data/Managed'
Mono path[1] = 'C:/Program Files/Unity/2021.1.3f1/Editor/Data/MonoBleedingEdge/lib/mono/unityjit'
Mono config path = 'C:/Program Files/Unity/2021.1.3f1/Editor/Data/MonoBleedingEdge/etc'
Using monoOptions --debugger-agent=transport=dt_socket,embedding=1,server=y,suspend=n,address=127.0.0.1:56884
Begin MonoManager ReloadAssembly
Registering precompiled unity dll's ...
Register platform support module: C:/Program Files/Unity/2021.1.3f1/Editor/Data/PlaybackEngines/WindowsStandaloneSupport/UnityEditor.WindowsStandalone.Extensions.dll
Registered in 0.001290 seconds.
Native extension for WindowsStandalone target not found
Refreshing native plugins compatible for Editor in 85.30 ms, found 2 plugins.
Preloading 0 native plugins for Editor in 0.00 ms.
Mono: successfully reloaded assembly
- Completed reload, in  0.959 seconds
Platform modules already initialized, skipping
Registering precompiled user dll's ...
Registered in 0.003428 seconds.
Begin MonoManager ReloadAssembly
Native extension for WindowsStandalone target not found
Refreshing native plugins compatible for Editor in 84.25 ms, found 2 plugins.
Preloading 0 native plugins for Editor in 0.00 ms.
Mono: successfully reloaded assembly
- Completed reload, in  0.928 seconds
Platform modules already initialized, skipping
========================================================================
Worker process is ready to serve import requests
Launched and connected shader compiler UnityShaderCompiler.exe after 0.03 seconds
Refreshing native plugins compatible for Editor in 0.64 ms, found 2 plugins.
Preloading 0 native plugins for Editor in 0.00 ms.
Unloading 3643 Unused Serialized files (Serialized files now loaded: 0)
System memory in use before: 138.5 MB.
System memory in use after: 138.7 MB.

Unloading 30 unused Assets to reduce memory usage. Loaded Objects now: 4097.
Total: 2.279400 ms (FindLiveObjects: 0.412700 ms CreateObjectMapping: 0.209000 ms MarkObjects: 1.610100 ms  DeleteObjects: 0.046700 ms)

========================================================================
Received Import Request.
  path: Assets/Mighty Heroes (Rogue) 2D Fantasy Characters Pack/Prefabs/Rogue_06.prefab
  artifactKey: Guid(5b210609803658e488f512fc13a6163e) Importer(815301076,1909f56bfc062723c751e8b465ee728b)
Start importing Assets/Mighty Heroes (Rogue) 2D Fantasy Characters Pack/Prefabs/Rogue_06.prefab using Guid(5b210609803658e488f512fc13a6163e) Importer(815301076,1909f56bfc062723c751e8b465ee728b)  -> (artifact id: 'a50599d9f11abded026e8675f86d7891') in 0.126462 seconds 
========================================================================
Received Import Request.
  Time since last request: 0.000191 seconds.
  path: Assets/Mighty Heroes (Rogue) 2D Fantasy Characters Pack/Prefabs
  artifactKey: Guid(449ee5b04ed3aeb4da0425ad2fb4b677) Importer(815301076,1909f56bfc062723c751e8b465ee728b)
Start importing Assets/Mighty Heroes (Rogue) 2D Fantasy Characters Pack/Prefabs using Guid(449ee5b04ed3aeb4da0425ad2fb4b677) Importer(815301076,1909f56bfc062723c751e8b465ee728b)  -> (artifact id: 'f6d7fd649e761c97dd1ee9ec3fc0c2e3') in 0.004296 seconds 
========================================================================
Received Import Request.
  Time since last request: 0.000161 seconds.
  path: Assets/Mighty Heroes (Rogue) 2D Fantasy Characters Pack/Prefabs/Rogue_03.prefab
  artifactKey: Guid(4a6e9a7d544412d4d92db88d8587228e) Importer(815301076,1909f56bfc062723c751e8b465ee728b)
Start importing Assets/Mighty Heroes (Rogue) 2D Fantasy Characters Pack/Prefabs/Rogue_03.prefab using Guid(4a6e9a7d544412d4d92db88d8587228e) Importer(815301076,1909f56bfc062723c751e8b465ee728b)  -> (artifact id: 'bfde9c7a017da6922b8fba4acd6ce45d') in 0.040515 seconds 
========================================================================
Received Import Request.
  Time since last request: 0.000222 seconds.
  path: Assets/Mighty Heroes (Rogue) 2D Fantasy Characters Pack/Prefabs/Rogue_01.prefab
  artifactKey: Guid(722924ec8a0056f4a8fb443b2fb65ff9) Importer(815301076,1909f56bfc062723c751e8b465ee728b)
Start importing Assets/Mighty Heroes (Rogue) 2D Fantasy Characters Pack/Prefabs/Rogue_01.prefab using Guid(722924ec8a0056f4a8fb443b2fb65ff9) Importer(815301076,1909f56bfc062723c751e8b465ee728b)  -> (artifact id: '5ae9d4965d348b7ac4d0049f436e6e38') in 0.036619 seconds 
========================================================================
Received Import Request.
  Time since last request: 0.000134 seconds.
  path: Assets/Mighty Heroes (Rogue) 2D Fantasy Characters Pack/Prefabs/Rogue_04.prefab
  artifactKey: Guid(b3d1057caadaef44ab620edfef78b14f) Importer(815301076,1909f56bfc062723c751e8b465ee728b)
Start importing Assets/Mighty Heroes (Rogue) 2D Fantasy Characters Pack/Prefabs/Rogue_04.prefab using Guid(b3d1057caadaef44ab620edfef78b14f) Importer(815301076,1909f56bfc062723c751e8b465ee728b)  -> (artifact id: '8d9949d1308fbf09d0c9feaadea6e4e2') in 0.035115 seconds 
========================================================================
Received Import Request.
  Time since last request: 0.000194 seconds.
  path: Assets/Mighty Heroes (Rogue) 2D Fantasy Characters Pack/Prefabs/Rogue_05.prefab
  artifactKey: Guid(30ef59945f2a7ea499bbbe10a7d48f1a) Importer(815301076,1909f56bfc062723c751e8b465ee728b)
Start importing Assets/Mighty Heroes (Rogue) 2D Fantasy Characters Pack/Prefabs/Rogue_05.prefab using Guid(30ef59945f2a7ea499bbbe10a7d48f1a) Importer(815301076,1909f56bfc062723c751e8b465ee728b)  -> (artifact id: '128c57b902a3ef07096ec483babeaa3f') in 0.035225 seconds 
========================================================================
Received Import Request.
  Time since last request: 0.000168 seconds.
  path: Assets/Mighty Heroes (Rogue) 2D Fantasy Characters Pack/Prefabs/Rogue_02.prefab
  artifactKey: Guid(7ac6bdc2e4b5e47468b8b460ca863a5f) Importer(815301076,1909f56bfc062723c751e8b465ee728b)
Start importing Assets/Mighty Heroes (Rogue) 2D Fantasy Characters Pack/Prefabs/Rogue_02.prefab using Guid(7ac6bdc2e4b5e47468b8b460ca863a5f) Importer(815301076,1909f56bfc062723c751e8b465ee728b)  -> (artifact id: '4d856b81bc06790bfcd67a6dd84cbf93') in 0.037646 seconds 
========================================================================
Received Import Request.
  Time since last request: 6.294731 seconds.
  path: Assets/Sprites/18338.jpg
  artifactKey: Guid(7027e7b28e5805a458d50128432ba99b) Importer(815301076,1909f56bfc062723c751e8b465ee728b)
Start importing Assets/Sprites/18338.jpg using Guid(7027e7b28e5805a458d50128432ba99b) Importer(815301076,1909f56bfc062723c751e8b465ee728b)  -> (artifact id: 'ecabb29cfb4720afc8a05b8079576fba') in 0.071536 seconds 
========================================================================
Received Import Request.
  Time since last request: 0.000175 seconds.
  path: Assets/Sprites/brown_textures_wallpaper-14598-2048x1536.jpg
  artifactKey: Guid(961b7580c10ba2043ad816027966f5ed) Importer(815301076,1909f56bfc062723c751e8b465ee728b)
Start importing Assets/Sprites/brown_textures_wallpaper-14598-2048x1536.jpg using Guid(961b7580c10ba2043ad816027966f5ed) Importer(815301076,1909f56bfc062723c751e8b465ee728b)  -> (artifact id: '71cadbcab3e885b8754462149983a1be') in 0.012493 seconds 
========================================================================
Received Import Request.
  Time since last request: 0.000203 seconds.
  path: Assets/Sprites/background.png
  artifactKey: Guid(e83faf43e841d254fab009c16a2731d3) Importer(815301076,1909f56bfc062723c751e8b465ee728b)
Start importing Assets/Sprites/background.png using Guid(e83faf43e841d254fab009c16a2731d3) Importer(815301076,1909f56bfc062723c751e8b465ee728b)  -> (artifact id: 'dfcd3c746b725958bbe6532dcba33338') in 0.015736 seconds 
========================================================================
Received Import Request.
  Time since last request: 221.096275 seconds.
  path: Assets/Scripts/ConnectToServer.cs
  artifactKey: Guid(c031c7b9b61f72340b08df8a3eca10f2) Importer(815301076,1909f56bfc062723c751e8b465ee728b)
Start importing Assets/Scripts/ConnectToServer.cs using Guid(c031c7b9b61f72340b08df8a3eca10f2) Importer(815301076,1909f56bfc062723c751e8b465ee728b)  -> (artifact id: '54066c6d12940a9b935ad96608571775') in 0.018688 seconds 
========================================================================
Received Import Request.
  Time since last request: 2.199200 seconds.
  path: Assets/Scripts/CreateAndJoinRoom.cs
  artifactKey: Guid(d8a11528357021044b362bdd63aa6571) Importer(815301076,1909f56bfc062723c751e8b465ee728b)
Start importing Assets/Scripts/CreateAndJoinRoom.cs using Guid(d8a11528357021044b362bdd63aa6571) Importer(815301076,1909f56bfc062723c751e8b465ee728b)  -> (artifact id: 'a873106a85cbbac3057d7012a85f02b4') in 0.005266 seconds 
========================================================================
Received Import Request.
  Time since last request: 0.933140 seconds.
  path: Assets/Scripts/PlayerMovements.cs
  artifactKey: Guid(6b67bf2c51878dc4f8bc92c99434810c) Importer(815301076,1909f56bfc062723c751e8b465ee728b)
Start importing Assets/Scripts/PlayerMovements.cs using Guid(6b67bf2c51878dc4f8bc92c99434810c) Importer(815301076,1909f56bfc062723c751e8b465ee728b)  -> (artifact id: '21dfc6adcaa99fca4a4452b9482e6e28') in 0.005311 seconds 
========================================================================
Received Import Request.
  Time since last request: 4.394772 seconds.
  path: Assets/Scripts/SpawnPlayer.cs
  artifactKey: Guid(f7bde5dfd9c68d34485b476072cf434d) Importer(815301076,1909f56bfc062723c751e8b465ee728b)
Start importing Assets/Scripts/SpawnPlayer.cs using Guid(f7bde5dfd9c68d34485b476072cf434d) Importer(815301076,1909f56bfc062723c751e8b465ee728b)  -> (artifact id: '577f01d27ddf96d27727113ac65db2e7') in 0.012480 seconds 
========================================================================
Received Import Request.
  Time since last request: 55.661687 seconds.
  path: Assets/Scenes/Game.unity
  artifactKey: Guid(177971674b11af74abc3934f0ea92c92) Importer(815301076,1909f56bfc062723c751e8b465ee728b)
Start importing Assets/Scenes/Game.unity using Guid(177971674b11af74abc3934f0ea92c92) Importer(815301076,1909f56bfc062723c751e8b465ee728b)  -> (artifact id: '0c5ac4b2da6943c03ede61a1cd4746e7') in 0.005843 seconds 
AssetImportWorkerClient::OnTransportError - code=2 error=End of file
